#! /opt/homebrew/Cellar/icarus-verilog/12.0/bin/vvp
:ivl_version "12.0 (stable)";
:ivl_delay_selection "TYPICAL";
:vpi_time_precision - 12;
:vpi_module "/opt/homebrew/Cellar/icarus-verilog/12.0/lib/ivl/system.vpi";
:vpi_module "/opt/homebrew/Cellar/icarus-verilog/12.0/lib/ivl/vhdl_sys.vpi";
:vpi_module "/opt/homebrew/Cellar/icarus-verilog/12.0/lib/ivl/vhdl_textio.vpi";
:vpi_module "/opt/homebrew/Cellar/icarus-verilog/12.0/lib/ivl/v2005_math.vpi";
:vpi_module "/opt/homebrew/Cellar/icarus-verilog/12.0/lib/ivl/va_math.vpi";
:vpi_module "/opt/homebrew/Cellar/icarus-verilog/12.0/lib/ivl/v2009.vpi";
S_0x103864080 .scope package, "$unit" "$unit" 2 1;
 .timescale 0 0;
S_0x103864200 .scope module, "axi_lite_sub_tb" "axi_lite_sub_tb" 3 3;
 .timescale -9 -12;
P_0x10386e410 .param/l "ADDR_W" 1 3 4, +C4<00000000000000000000000000100000>;
P_0x10386e450 .param/l "CLK_PERIOD" 1 3 7, C4<0000000000000000000000000000000000000000000000000000000000001010>;
P_0x10386e490 .param/l "DATA_W" 1 3 5, +C4<00000000000000000000000000100000>;
P_0x10386e4d0 .param/l "DEPTH" 1 3 6, +C4<00000000000000000000000010000000>;
v0xc1ac1b480_0 .var "ACLK", 0 0;
v0xc1ac1b520_0 .var "ARADDR", 31 0;
v0xc1ac1b5c0_0 .var "ARESETn", 0 0;
v0xc1ac1b660_0 .net "ARREADY", 0 0, L_0xc1a83cd20;  1 drivers
v0xc1ac1b700_0 .var "ARVALID", 0 0;
v0xc1ac1b7a0_0 .var "AWADDR", 31 0;
v0xc1ac1b840_0 .net "AWREADY", 0 0, L_0xc1a83cc40;  1 drivers
v0xc1ac1b8e0_0 .var "AWVALID", 0 0;
v0xc1ac1b980_0 .var "BREADY", 0 0;
v0xc1ac1ba20_0 .net "BVALID", 0 0, v0xc1ac190e0_0;  1 drivers
v0xc1ac1bac0_0 .net "RDATA", 31 0, v0xc1ac19180_0;  1 drivers
v0xc1ac1bb60_0 .var "RREADY", 0 0;
v0xc1ac1bc00_0 .net "RVALID", 0 0, v0xc1ac19360_0;  1 drivers
v0xc1ac1bca0_0 .var "WDATA", 31 0;
v0xc1ac1bd40_0 .net "WREADY", 0 0, L_0xc1a83ccb0;  1 drivers
v0xc1ac1bde0_0 .var "WSTRB", 3 0;
v0xc1ac1be80_0 .var "WVALID", 0 0;
v0xc1ac1bf20_0 .var/2s "checks_failed", 31 0;
v0xc1ac1c000_0 .var/2s "checks_total", 31 0;
v0xc1ac1c0a0 .array "exp_mem", 127 0, 31 0;
S_0x10385a9c0 .scope begin, "$unm_blk_55" "$unm_blk_55" 3 306, 3 306 0, S_0x103864200;
 .timescale -9 -12;
v0xc1ac18000_0 .var "rd_data", 31 0;
E_0xc1a843980 .event posedge, v0xc1ac18aa0_0;
S_0x10385ab40 .scope autotask, "axi_read" "axi_read" 3 192, 3 192 0, S_0x103864200;
 .timescale -9 -12;
v0xc1ac180a0_0 .var "addr", 31 0;
v0xc1ac18140_0 .var/2s "ar_delay", 31 0;
v0xc1ac181e0_0 .var "data", 31 0;
v0xc1ac18280_0 .var/2s "rready_delay", 31 0;
v0xc1ac18320_0 .var/2s "timeout", 31 0;
TD_axi_lite_sub_tb.axi_read ;
    %load/vec4 v0xc1ac18140_0;
T_0.0 %dup/vec4;
    %pushi/vec4 0, 0, 32;
    %cmp/s;
    %jmp/1xz T_0.1, 5;
    %jmp/1 T_0.1, 4;
    %pushi/vec4 1, 0, 32;
    %sub;
    %wait E_0xc1a843980;
    %jmp T_0.0;
T_0.1 ;
    %pop/vec4 1;
    %load/vec4 v0xc1ac180a0_0;
    %assign/vec4 v0xc1ac1b520_0, 0;
    %pushi/vec4 1, 0, 1;
    %assign/vec4 v0xc1ac1b700_0, 0;
    %pushi/vec4 0, 0, 32;
    %store/vec4 v0xc1ac18320_0, 0, 32;
T_0.2 ;
    %load/vec4 v0xc1ac1b700_0;
    %flag_set/vec4 9;
    %flag_get/vec4 9;
    %jmp/0 T_0.4, 9;
    %load/vec4 v0xc1ac1b660_0;
    %and;
T_0.4;
    %nor/r;
    %flag_set/vec4 8;
    %jmp/0xz T_0.3, 8;
    %wait E_0xc1a843980;
    ; show_stmt_assign_vector: Get l-value for compressed += operand
    %load/vec4 v0xc1ac18320_0;
    %pushi/vec4 1, 0, 32;
    %add;
    %cast2;
    %store/vec4 v0xc1ac18320_0, 0, 32;
    %load/vec4 v0xc1ac18320_0;
    %cmpi/s 100, 0, 32;
    %flag_or 5, 4; GT is !LE
    %flag_inv 5;
    %jmp/0xz  T_0.5, 5;
    %vpi_call/w 3 207 "$fatal", 32'sb00000000000000000000000000000001, "AR handshake timeout" {0 0 0};
T_0.5 ;
    %jmp T_0.2;
T_0.3 ;
    %pushi/vec4 0, 0, 1;
    %assign/vec4 v0xc1ac1b700_0, 0;
    %pushi/vec4 0, 0, 1;
    %assign/vec4 v0xc1ac1bb60_0, 0;
    %load/vec4 v0xc1ac18280_0;
T_0.7 %dup/vec4;
    %pushi/vec4 0, 0, 32;
    %cmp/s;
    %jmp/1xz T_0.8, 5;
    %jmp/1 T_0.8, 4;
    %pushi/vec4 1, 0, 32;
    %sub;
    %wait E_0xc1a843980;
    %jmp T_0.7;
T_0.8 ;
    %pop/vec4 1;
    %pushi/vec4 1, 0, 1;
    %assign/vec4 v0xc1ac1bb60_0, 0;
    %pushi/vec4 0, 0, 32;
    %store/vec4 v0xc1ac18320_0, 0, 32;
T_0.9 ;
    %load/vec4 v0xc1ac1bc00_0;
    %nor/r;
    %flag_set/vec4 8;
    %jmp/0xz T_0.10, 8;
    %wait E_0xc1a843980;
    ; show_stmt_assign_vector: Get l-value for compressed += operand
    %load/vec4 v0xc1ac18320_0;
    %pushi/vec4 1, 0, 32;
    %add;
    %cast2;
    %store/vec4 v0xc1ac18320_0, 0, 32;
    %load/vec4 v0xc1ac18320_0;
    %cmpi/s 100, 0, 32;
    %flag_or 5, 4; GT is !LE
    %flag_inv 5;
    %jmp/0xz  T_0.11, 5;
    %vpi_call/w 3 218 "$fatal", 32'sb00000000000000000000000000000001, "RVALID timeout" {0 0 0};
T_0.11 ;
    %jmp T_0.9;
T_0.10 ;
    %load/vec4 v0xc1ac1bac0_0;
    %store/vec4 v0xc1ac181e0_0, 0, 32;
    %wait E_0xc1a843980;
    %pushi/vec4 0, 0, 1;
    %assign/vec4 v0xc1ac1bb60_0, 0;
    %end;
S_0x10386f210 .scope autotask, "axi_write" "axi_write" 3 177, 3 177 0, S_0x103864200;
 .timescale -9 -12;
v0xc1ac183c0_0 .var "addr", 31 0;
v0xc1ac18460_0 .var/2s "aw_delay", 31 0;
v0xc1ac18500_0 .var/2s "bready_delay", 31 0;
v0xc1ac185a0_0 .var "data", 31 0;
v0xc1ac18640_0 .var "strb", 3 0;
v0xc1ac186e0_0 .var/2s "w_delay", 31 0;
TD_axi_lite_sub_tb.axi_write ;
    %alloc S_0xc1b040180;
    %load/vec4 v0xc1ac183c0_0;
    %store/vec4 v0xc1ac1a6c0_0, 0, 32;
    %load/vec4 v0xc1ac185a0_0;
    %store/vec4 v0xc1ac1a800_0, 0, 32;
    %load/vec4 v0xc1ac18640_0;
    %store/vec4 v0xc1ac1a8a0_0, 0, 4;
    %load/vec4 v0xc1ac18460_0;
    %store/vec4 v0xc1ac1a760_0, 0, 32;
    %load/vec4 v0xc1ac186e0_0;
    %store/vec4 v0xc1ac1a940_0, 0, 32;
    %fork TD_axi_lite_sub_tb.issue_write_no_resp, S_0xc1b040180;
    %join;
    %free S_0xc1b040180;
    %alloc S_0xc1b040a80;
    %load/vec4 v0xc1ac18500_0;
    %store/vec4 v0xc1ac1b340_0, 0, 32;
    %fork TD_axi_lite_sub_tb.write_response_phase, S_0xc1b040a80;
    %join;
    %free S_0xc1b040a80;
    %load/vec4 v0xc1ac185a0_0;
    %ix/getv 4, v0xc1ac183c0_0;
    %store/vec4a v0xc1ac1c0a0, 4, 0;
    %end;
S_0x10386ebb0 .scope autotask, "check" "check" 3 61, 3 61 0, S_0x103864200;
 .timescale -9 -12;
v0xc1ac18780_0 .var/2u "cond", 0 0;
v0xc1ac18820_0 .var/str "msg";
TD_axi_lite_sub_tb.check ;
    ; show_stmt_assign_vector: Get l-value for compressed += operand
    %load/vec4 v0xc1ac1c000_0;
    %pushi/vec4 1, 0, 32;
    %add;
    %cast2;
    %store/vec4 v0xc1ac1c000_0, 0, 32;
    %load/vec4 v0xc1ac18780_0;
    %nor/r;
    %flag_set/vec4 8;
    %jmp/0xz  T_2.13, 8;
    ; show_stmt_assign_vector: Get l-value for compressed += operand
    %load/vec4 v0xc1ac1bf20_0;
    %pushi/vec4 1, 0, 32;
    %add;
    %cast2;
    %store/vec4 v0xc1ac1bf20_0, 0, 32;
    %vpi_call/w 3 66 "$error", "CHECK FAILED: %s (t=%0t)", v0xc1ac18820_0, $time {0 0 0};
T_2.13 ;
    %end;
S_0x10386d230 .scope autotask, "do_reset" "do_reset" 3 94, 3 94 0, S_0x103864200;
 .timescale -9 -12;
TD_axi_lite_sub_tb.do_reset ;
    %pushi/vec4 0, 0, 1;
    %store/vec4 v0xc1ac1b5c0_0, 0, 1;
    %alloc S_0x10386ff30;
    %fork TD_axi_lite_sub_tb.init_drives, S_0x10386ff30;
    %join;
    %free S_0x10386ff30;
    %alloc S_0xc1b040000;
    %fork TD_axi_lite_sub_tb.init_exp_mem, S_0xc1b040000;
    %join;
    %free S_0xc1b040000;
    %pushi/vec4 4, 0, 32;
T_3.15 %dup/vec4;
    %pushi/vec4 0, 0, 32;
    %cmp/s;
    %jmp/1xz T_3.16, 5;
    %jmp/1 T_3.16, 4;
    %pushi/vec4 1, 0, 32;
    %sub;
    %wait E_0xc1a843980;
    %jmp T_3.15;
T_3.16 ;
    %pop/vec4 1;
    %pushi/vec4 1, 0, 1;
    %store/vec4 v0xc1ac1b5c0_0, 0, 1;
    %wait E_0xc1a843980;
    %end;
S_0x10386d3b0 .scope module, "dut" "axi_lite_sub" 3 39, 4 4 0, S_0x103864200;
 .timescale -9 -12;
    .port_info 0 /INPUT 1 "ACLK";
    .port_info 1 /INPUT 1 "ARESETn";
    .port_info 2 /INPUT 1 "AWVALID";
    .port_info 3 /OUTPUT 1 "AWREADY";
    .port_info 4 /INPUT 32 "AWADDR";
    .port_info 5 /INPUT 1 "WVALID";
    .port_info 6 /OUTPUT 1 "WREADY";
    .port_info 7 /INPUT 32 "WDATA";
    .port_info 8 /INPUT 4 "WSTRB";
    .port_info 9 /INPUT 1 "BREADY";
    .port_info 10 /OUTPUT 1 "BVALID";
    .port_info 11 /OUTPUT 2 "BRESP";
    .port_info 12 /INPUT 1 "ARVALID";
    .port_info 13 /OUTPUT 1 "ARREADY";
    .port_info 14 /INPUT 32 "ARADDR";
    .port_info 15 /OUTPUT 1 "RVALID";
    .port_info 16 /INPUT 1 "RREADY";
    .port_info 17 /OUTPUT 32 "RDATA";
    .port_info 18 /OUTPUT 2 "RRESP";
P_0x10386d530 .param/l "ADDR_W" 0 4 5, +C4<00000000000000000000000000100000>;
P_0x10386d570 .param/l "BYTES" 0 4 7, +C4<00000000000000000000000000000100>;
P_0x10386d5b0 .param/l "DATA_W" 0 4 6, +C4<00000000000000000000000000100000>;
P_0x10386d5f0 .param/l "DEPTH" 1 4 45, +C4<00000000000000000000000001000000>;
P_0x10386d630 .param/l "IDX_W" 1 4 46, +C4<00000000000000000000000000000110>;
P_0x10386d670 .param/l "MEM_BYTES" 0 4 9, +C4<00000000000000000000000100000000>;
enum0x103869ca0 .enum2/s (32)
   "W_IDLE" 0,
   "W_RESP" 1
 ;
enum0xc1b870000 .enum2/s (32)
   "R_IDLE" 0,
   "R_RESP" 1
 ;
L_0xc1a83cc40 .functor AND 1, L_0xc1b874c80, L_0xc1b874d20, C4<1>, C4<1>;
L_0xc1a83ccb0 .functor AND 1, L_0xc1b874dc0, L_0xc1b874b40, C4<1>, C4<1>;
L_0xc1a83cd20 .functor AND 1, L_0xc1b874be0, L_0xc1b874a00, C4<1>, C4<1>;
L_0xc1a83cd90 .functor AND 1, v0xc1ac19cc0_0, v0xc1ac1a440_0, C4<1>, C4<1>;
L_0xc1a83ce00 .functor AND 1, L_0xc1a83cd90, L_0xc1b874aa0, C4<1>, C4<1>;
L_0xc1a83ce70 .functor AND 1, v0xc1ac19c20_0, L_0xc1b8746e0, C4<1>, C4<1>;
v0xc1ac18aa0_0 .net "ACLK", 0 0, v0xc1ac1b480_0;  1 drivers
v0xc1ac18b40_0 .net "ARADDR", 31 0, v0xc1ac1b520_0;  1 drivers
v0xc1ac18be0_0 .net "ARESETn", 0 0, v0xc1ac1b5c0_0;  1 drivers
v0xc1ac18c80_0 .net "ARREADY", 0 0, L_0xc1a83cd20;  alias, 1 drivers
v0xc1ac18d20_0 .net "ARVALID", 0 0, v0xc1ac1b700_0;  1 drivers
v0xc1ac18dc0_0 .net "AWADDR", 31 0, v0xc1ac1b7a0_0;  1 drivers
v0xc1ac18e60_0 .net "AWREADY", 0 0, L_0xc1a83cc40;  alias, 1 drivers
v0xc1ac18f00_0 .net "AWVALID", 0 0, v0xc1ac1b8e0_0;  1 drivers
v0xc1ac18fa0_0 .net "BREADY", 0 0, v0xc1ac1b980_0;  1 drivers
v0xc1ac19040_0 .var "BRESP", 1 0;
v0xc1ac190e0_0 .var "BVALID", 0 0;
v0xc1ac19180_0 .var "RDATA", 31 0;
v0xc1ac19220_0 .net "RREADY", 0 0, v0xc1ac1bb60_0;  1 drivers
v0xc1ac192c0_0 .var "RRESP", 1 0;
v0xc1ac19360_0 .var "RVALID", 0 0;
v0xc1ac19400_0 .net "WDATA", 31 0, v0xc1ac1bca0_0;  1 drivers
v0xc1ac194a0_0 .net "WREADY", 0 0, L_0xc1a83ccb0;  alias, 1 drivers
v0xc1ac19540_0 .net "WSTRB", 3 0, v0xc1ac1bde0_0;  1 drivers
v0xc1ac195e0_0 .net "WVALID", 0 0, v0xc1ac1be80_0;  1 drivers
v0xc1ac19680_0 .net *"_ivl_11", 0 0, L_0xc1b874dc0;  1 drivers
v0xc1ac19720_0 .net *"_ivl_13", 0 0, L_0xc1b874b40;  1 drivers
v0xc1ac197c0_0 .net *"_ivl_17", 0 0, L_0xc1b874be0;  1 drivers
v0xc1ac19860_0 .net *"_ivl_19", 0 0, L_0xc1b874a00;  1 drivers
v0xc1ac19900_0 .net *"_ivl_23", 0 0, L_0xc1a83cd90;  1 drivers
v0xc1ac199a0_0 .net *"_ivl_25", 0 0, L_0xc1b874aa0;  1 drivers
v0xc1ac19a40_0 .net *"_ivl_29", 0 0, L_0xc1b8746e0;  1 drivers
v0xc1ac19ae0_0 .net *"_ivl_5", 0 0, L_0xc1b874c80;  1 drivers
v0xc1ac19b80_0 .net *"_ivl_7", 0 0, L_0xc1b874d20;  1 drivers
v0xc1ac19c20_0 .var "ar_pending", 0 0;
v0xc1ac19cc0_0 .var "aw_pending", 0 0;
v0xc1ac19d60_0 .var/2s "curr_read_state", 31 0;
v0xc1ac19e00_0 .var/2s "curr_write_state", 31 0;
v0xc1ac19ea0_0 .var/2s "next_read_state", 31 0;
v0xc1ac19f40_0 .var/2s "next_write_state", 31 0;
v0xc1ac19fe0_0 .net "read_fire", 0 0, L_0xc1a83ce70;  1 drivers
v0xc1ac1a080 .array "regs", 63 0, 31 0;
v0xc1ac1a120_0 .net "ridx", 5 0, L_0xc1ac1c1e0;  1 drivers
v0xc1ac1a1c0_0 .var "saved_ARADDR", 31 0;
v0xc1ac1a260_0 .var "saved_AWADDR", 31 0;
v0xc1ac1a300_0 .var "saved_WDATA", 31 0;
v0xc1ac1a3a0_0 .var "saved_WSTRB", 3 0;
v0xc1ac1a440_0 .var "w_pending", 0 0;
v0xc1ac1a4e0_0 .net "widx", 5 0, L_0xc1ac1c140;  1 drivers
v0xc1ac1a580_0 .net "write_fire", 0 0, L_0xc1a83ce00;  1 drivers
E_0xc1a8439c0/0 .event negedge, v0xc1ac18be0_0;
E_0xc1a8439c0/1 .event posedge, v0xc1ac18aa0_0;
E_0xc1a8439c0 .event/or E_0xc1a8439c0/0, E_0xc1a8439c0/1;
E_0xc1a843a00/0 .event anyedge, v0xc1ac19e00_0, v0xc1ac1a580_0, v0xc1ac190e0_0, v0xc1ac18fa0_0;
E_0xc1a843a00/1 .event anyedge, v0xc1ac19d60_0, v0xc1ac19fe0_0, v0xc1ac19360_0, v0xc1ac19220_0;
E_0xc1a843a00 .event/or E_0xc1a843a00/0, E_0xc1a843a00/1;
L_0xc1ac1c140 .part v0xc1ac1a260_0, 2, 6;
L_0xc1ac1c1e0 .part v0xc1ac1a1c0_0, 2, 6;
L_0xc1b874c80 .reduce/nor v0xc1ac19cc0_0;
L_0xc1b874d20 .reduce/nor v0xc1ac190e0_0;
L_0xc1b874dc0 .reduce/nor v0xc1ac1a440_0;
L_0xc1b874b40 .reduce/nor v0xc1ac190e0_0;
L_0xc1b874be0 .reduce/nor v0xc1ac19c20_0;
L_0xc1b874a00 .reduce/nor v0xc1ac19360_0;
L_0xc1b874aa0 .reduce/nor v0xc1ac190e0_0;
L_0xc1b8746e0 .reduce/nor v0xc1ac19360_0;
S_0x10386f8b0 .scope begin, "$ivl_for_loop0" "$ivl_for_loop0" 4 191, 4 191 0, S_0x10386d3b0;
 .timescale -9 -12;
v0xc1ac188c0_0 .var/2s "i", 31 0;
S_0x10386fa30 .scope begin, "$unm_blk_25" "$unm_blk_25" 4 199, 4 199 0, S_0x10386d3b0;
 .timescale -9 -12;
v0xc1ac18a00_0 .var "new_word", 31 0;
S_0x10386fbb0 .scope begin, "$ivl_for_loop1" "$ivl_for_loop1" 4 204, 4 204 0, S_0x10386fa30;
 .timescale -9 -12;
v0xc1ac18960_0 .var/2s "b", 31 0;
S_0x10386ff30 .scope autotask, "init_drives" "init_drives" 3 71, 3 71 0, S_0x103864200;
 .timescale -9 -12;
TD_axi_lite_sub_tb.init_drives ;
    %pushi/vec4 0, 0, 1;
    %store/vec4 v0xc1ac1b8e0_0, 0, 1;
    %pushi/vec4 0, 0, 32;
    %store/vec4 v0xc1ac1b7a0_0, 0, 32;
    %pushi/vec4 0, 0, 1;
    %store/vec4 v0xc1ac1be80_0, 0, 1;
    %pushi/vec4 0, 0, 32;
    %store/vec4 v0xc1ac1bca0_0, 0, 32;
    %pushi/vec4 0, 0, 4;
    %store/vec4 v0xc1ac1bde0_0, 0, 4;
    %pushi/vec4 0, 0, 1;
    %store/vec4 v0xc1ac1b980_0, 0, 1;
    %pushi/vec4 0, 0, 1;
    %store/vec4 v0xc1ac1b700_0, 0, 1;
    %pushi/vec4 0, 0, 32;
    %store/vec4 v0xc1ac1b520_0, 0, 32;
    %pushi/vec4 0, 0, 1;
    %store/vec4 v0xc1ac1bb60_0, 0, 1;
    %end;
S_0xc1b040000 .scope autotask, "init_exp_mem" "init_exp_mem" 3 85, 3 85 0, S_0x103864200;
 .timescale -9 -12;
v0xc1ac1a620_0 .var/2s "i", 31 0;
TD_axi_lite_sub_tb.init_exp_mem ;
    %pushi/vec4 0, 0, 32;
    %store/vec4 v0xc1ac1a620_0, 0, 32;
T_5.17 ;
    %load/vec4 v0xc1ac1a620_0;
    %cmpi/s 128, 0, 32;
    %jmp/0xz T_5.18, 5;
    %pushi/vec4 0, 0, 32;
    %ix/getv/s 4, v0xc1ac1a620_0;
    %store/vec4a v0xc1ac1c0a0, 4, 0;
    ; show_stmt_assign_vector: Get l-value for compressed += operand
    %load/vec4 v0xc1ac1a620_0;
    %pushi/vec4 1, 0, 32;
    %add;
    %cast2;
    %store/vec4 v0xc1ac1a620_0, 0, 32;
    %jmp T_5.17;
T_5.18 ;
    %end;
S_0xc1b040180 .scope autotask, "issue_write_no_resp" "issue_write_no_resp" 3 162, 3 162 0, S_0x103864200;
 .timescale -9 -12;
v0xc1ac1a6c0_0 .var "addr", 31 0;
v0xc1ac1a760_0 .var/2s "aw_delay", 31 0;
v0xc1ac1a800_0 .var "data", 31 0;
v0xc1ac1a8a0_0 .var "strb", 3 0;
v0xc1ac1a940_0 .var/2s "w_delay", 31 0;
TD_axi_lite_sub_tb.issue_write_no_resp ;
    %fork t_1, S_0xc1b040180;
    %fork t_2, S_0xc1b040180;
    %join;
    %join;
    %jmp t_0;
t_1 ;
    %alloc S_0xc1b040780;
    %load/vec4 v0xc1ac1a6c0_0;
    %store/vec4 v0xc1ac1aee0_0, 0, 32;
    %load/vec4 v0xc1ac1a760_0;
    %store/vec4 v0xc1ac1af80_0, 0, 32;
    %fork TD_axi_lite_sub_tb.write_addr_phase, S_0xc1b040780;
    %join;
    %free S_0xc1b040780;
    %end;
t_2 ;
    %alloc S_0xc1b040900;
    %load/vec4 v0xc1ac1a800_0;
    %store/vec4 v0xc1ac1b0c0_0, 0, 32;
    %load/vec4 v0xc1ac1a8a0_0;
    %store/vec4 v0xc1ac1b200_0, 0, 4;
    %load/vec4 v0xc1ac1a940_0;
    %store/vec4 v0xc1ac1b160_0, 0, 32;
    %fork TD_axi_lite_sub_tb.write_data_phase, S_0xc1b040900;
    %join;
    %free S_0xc1b040900;
    %end;
    .scope S_0xc1b040180;
t_0 ;
    %end;
S_0xc1b040300 .scope autotask, "test_b_backpressure" "test_b_backpressure" 3 240, 3 240 0, S_0x103864200;
 .timescale -9 -12;
v0xc1ac1a9e0_0 .var/2s "timeout", 31 0;
TD_axi_lite_sub_tb.test_b_backpressure ;
    %alloc S_0xc1b040180;
    %pushi/vec4 21, 0, 32;
    %store/vec4 v0xc1ac1a6c0_0, 0, 32;
    %pushi/vec4 3203334177, 0, 32;
    %store/vec4 v0xc1ac1a800_0, 0, 32;
    %pushi/vec4 15, 0, 4;
    %store/vec4 v0xc1ac1a8a0_0, 0, 4;
    %pushi/vec4 0, 0, 32;
    %store/vec4 v0xc1ac1a760_0, 0, 32;
    %pushi/vec4 0, 0, 32;
    %store/vec4 v0xc1ac1a940_0, 0, 32;
    %fork TD_axi_lite_sub_tb.issue_write_no_resp, S_0xc1b040180;
    %join;
    %free S_0xc1b040180;
    %pushi/vec4 3203334177, 0, 32;
    %ix/load 4, 21, 0;
    %flag_set/imm 4, 0;
    %store/vec4a v0xc1ac1c0a0, 4, 0;
    %pushi/vec4 0, 0, 32;
    %store/vec4 v0xc1ac1a9e0_0, 0, 32;
T_7.19 ;
    %load/vec4 v0xc1ac1ba20_0;
    %nor/r;
    %flag_set/vec4 8;
    %jmp/0xz T_7.20, 8;
    %wait E_0xc1a843980;
    ; show_stmt_assign_vector: Get l-value for compressed += operand
    %load/vec4 v0xc1ac1a9e0_0;
    %pushi/vec4 1, 0, 32;
    %add;
    %cast2;
    %store/vec4 v0xc1ac1a9e0_0, 0, 32;
    %load/vec4 v0xc1ac1a9e0_0;
    %cmpi/s 100, 0, 32;
    %flag_or 5, 4; GT is !LE
    %flag_inv 5;
    %jmp/0xz  T_7.21, 5;
    %vpi_call/w 3 250 "$fatal", 32'sb00000000000000000000000000000001, "BVALID timeout in backpressure test" {0 0 0};
T_7.21 ;
    %jmp T_7.19;
T_7.20 ;
    %pushi/vec4 3, 0, 32;
T_7.23 %dup/vec4;
    %pushi/vec4 0, 0, 32;
    %cmp/s;
    %jmp/1xz T_7.24, 5;
    %jmp/1 T_7.24, 4;
    %pushi/vec4 1, 0, 32;
    %sub;
    %wait E_0xc1a843980;
    %alloc S_0x10386ebb0;
    %load/vec4 v0xc1ac1ba20_0;
    %pushi/vec4 1, 0, 1;
    %cmp/e;
    %flag_get/vec4 6;
    %store/vec4 v0xc1ac18780_0, 0, 1;
    %pushi/str "BVALID must stay high while BREADY is low";
    %store/str v0xc1ac18820_0;
    %fork TD_axi_lite_sub_tb.check, S_0x10386ebb0;
    %join;
    %free S_0x10386ebb0;
    %jmp T_7.23;
T_7.24 ;
    %pop/vec4 1;
    %pushi/vec4 1, 0, 1;
    %assign/vec4 v0xc1ac1b980_0, 0;
    %wait E_0xc1a843980;
    %pushi/vec4 0, 0, 1;
    %assign/vec4 v0xc1ac1b980_0, 0;
    %wait E_0xc1a843980;
    %alloc S_0x10386ebb0;
    %load/vec4 v0xc1ac1ba20_0;
    %pushi/vec4 0, 0, 1;
    %cmp/e;
    %flag_get/vec4 6;
    %store/vec4 v0xc1ac18780_0, 0, 1;
    %pushi/str "BVALID should clear after response handshake";
    %store/str v0xc1ac18820_0;
    %fork TD_axi_lite_sub_tb.check, S_0x10386ebb0;
    %join;
    %free S_0x10386ebb0;
    %end;
S_0xc1b040480 .scope autotask, "test_r_backpressure" "test_r_backpressure" 3 266, 3 266 0, S_0x103864200;
 .timescale -9 -12;
v0xc1ac1aa80_0 .var "rd", 31 0;
v0xc1ac1ab20_0 .var/2s "timeout", 31 0;
TD_axi_lite_sub_tb.test_r_backpressure ;
    %alloc S_0x10386f210;
    %pushi/vec4 25, 0, 32;
    %store/vec4 v0xc1ac183c0_0, 0, 32;
    %pushi/vec4 3405643813, 0, 32;
    %store/vec4 v0xc1ac185a0_0, 0, 32;
    %pushi/vec4 15, 0, 4;
    %store/vec4 v0xc1ac18640_0, 0, 4;
    %pushi/vec4 0, 0, 32;
    %store/vec4 v0xc1ac18460_0, 0, 32;
    %pushi/vec4 0, 0, 32;
    %store/vec4 v0xc1ac186e0_0, 0, 32;
    %pushi/vec4 0, 0, 32;
    %store/vec4 v0xc1ac18500_0, 0, 32;
    %fork TD_axi_lite_sub_tb.axi_write, S_0x10386f210;
    %join;
    %free S_0x10386f210;
    %pushi/vec4 25, 0, 32;
    %assign/vec4 v0xc1ac1b520_0, 0;
    %pushi/vec4 1, 0, 1;
    %assign/vec4 v0xc1ac1b700_0, 0;
    %pushi/vec4 0, 0, 32;
    %store/vec4 v0xc1ac1ab20_0, 0, 32;
T_8.25 ;
    %load/vec4 v0xc1ac1b700_0;
    %flag_set/vec4 9;
    %flag_get/vec4 9;
    %jmp/0 T_8.27, 9;
    %load/vec4 v0xc1ac1b660_0;
    %and;
T_8.27;
    %nor/r;
    %flag_set/vec4 8;
    %jmp/0xz T_8.26, 8;
    %wait E_0xc1a843980;
    ; show_stmt_assign_vector: Get l-value for compressed += operand
    %load/vec4 v0xc1ac1ab20_0;
    %pushi/vec4 1, 0, 32;
    %add;
    %cast2;
    %store/vec4 v0xc1ac1ab20_0, 0, 32;
    %load/vec4 v0xc1ac1ab20_0;
    %cmpi/s 100, 0, 32;
    %flag_or 5, 4; GT is !LE
    %flag_inv 5;
    %jmp/0xz  T_8.28, 5;
    %vpi_call/w 3 278 "$fatal", 32'sb00000000000000000000000000000001, "AR timeout in backpressure test" {0 0 0};
T_8.28 ;
    %jmp T_8.25;
T_8.26 ;
    %pushi/vec4 0, 0, 1;
    %assign/vec4 v0xc1ac1b700_0, 0;
    %pushi/vec4 0, 0, 1;
    %assign/vec4 v0xc1ac1bb60_0, 0;
    %pushi/vec4 0, 0, 32;
    %store/vec4 v0xc1ac1ab20_0, 0, 32;
T_8.30 ;
    %load/vec4 v0xc1ac1bc00_0;
    %nor/r;
    %flag_set/vec4 8;
    %jmp/0xz T_8.31, 8;
    %wait E_0xc1a843980;
    ; show_stmt_assign_vector: Get l-value for compressed += operand
    %load/vec4 v0xc1ac1ab20_0;
    %pushi/vec4 1, 0, 32;
    %add;
    %cast2;
    %store/vec4 v0xc1ac1ab20_0, 0, 32;
    %load/vec4 v0xc1ac1ab20_0;
    %cmpi/s 100, 0, 32;
    %flag_or 5, 4; GT is !LE
    %flag_inv 5;
    %jmp/0xz  T_8.32, 5;
    %vpi_call/w 3 287 "$fatal", 32'sb00000000000000000000000000000001, "RVALID timeout in backpressure test" {0 0 0};
T_8.32 ;
    %jmp T_8.30;
T_8.31 ;
    %pushi/vec4 3, 0, 32;
T_8.34 %dup/vec4;
    %pushi/vec4 0, 0, 32;
    %cmp/s;
    %jmp/1xz T_8.35, 5;
    %jmp/1 T_8.35, 4;
    %pushi/vec4 1, 0, 32;
    %sub;
    %wait E_0xc1a843980;
    %alloc S_0x10386ebb0;
    %load/vec4 v0xc1ac1bc00_0;
    %pushi/vec4 1, 0, 1;
    %cmp/e;
    %flag_get/vec4 6;
    %store/vec4 v0xc1ac18780_0, 0, 1;
    %pushi/str "RVALID must stay high while RREADY is low";
    %store/str v0xc1ac18820_0;
    %fork TD_axi_lite_sub_tb.check, S_0x10386ebb0;
    %join;
    %free S_0x10386ebb0;
    %jmp T_8.34;
T_8.35 ;
    %pop/vec4 1;
    %pushi/vec4 1, 0, 1;
    %assign/vec4 v0xc1ac1bb60_0, 0;
    %load/vec4 v0xc1ac1bac0_0;
    %store/vec4 v0xc1ac1aa80_0, 0, 32;
    %wait E_0xc1a843980;
    %pushi/vec4 0, 0, 1;
    %assign/vec4 v0xc1ac1bb60_0, 0;
    %wait E_0xc1a843980;
    %alloc S_0x10386ebb0;
    %load/vec4 v0xc1ac1aa80_0;
    %ix/load 4, 25, 0;
    %flag_set/imm 4, 0;
    %load/vec4a v0xc1ac1c0a0, 4;
    %cmp/e;
    %flag_get/vec4 6;
    %store/vec4 v0xc1ac18780_0, 0, 1;
    %pushi/str "RDATA mismatch in read backpressure test";
    %store/str v0xc1ac18820_0;
    %fork TD_axi_lite_sub_tb.check, S_0x10386ebb0;
    %join;
    %free S_0x10386ebb0;
    %alloc S_0x10386ebb0;
    %load/vec4 v0xc1ac1bc00_0;
    %pushi/vec4 0, 0, 1;
    %cmp/e;
    %flag_get/vec4 6;
    %store/vec4 v0xc1ac18780_0, 0, 1;
    %pushi/str "RVALID should clear after read handshake";
    %store/str v0xc1ac18820_0;
    %fork TD_axi_lite_sub_tb.check, S_0x10386ebb0;
    %join;
    %free S_0x10386ebb0;
    %end;
S_0xc1b040600 .scope autotask, "test_write_and_read" "test_write_and_read" 3 226, 3 226 0, S_0x103864200;
 .timescale -9 -12;
v0xc1ac1abc0_0 .var "addr", 31 0;
v0xc1ac1ac60_0 .var/2s "aw_delay", 31 0;
v0xc1ac1ad00_0 .var "data", 31 0;
v0xc1ac1ada0_0 .var "rd", 31 0;
v0xc1ac1ae40_0 .var/2s "w_delay", 31 0;
TD_axi_lite_sub_tb.test_write_and_read ;
    %alloc S_0x10386f210;
    %load/vec4 v0xc1ac1abc0_0;
    %store/vec4 v0xc1ac183c0_0, 0, 32;
    %load/vec4 v0xc1ac1ad00_0;
    %store/vec4 v0xc1ac185a0_0, 0, 32;
    %pushi/vec4 15, 0, 4;
    %store/vec4 v0xc1ac18640_0, 0, 4;
    %load/vec4 v0xc1ac1ac60_0;
    %store/vec4 v0xc1ac18460_0, 0, 32;
    %load/vec4 v0xc1ac1ae40_0;
    %store/vec4 v0xc1ac186e0_0, 0, 32;
    %pushi/vec4 0, 0, 32;
    %store/vec4 v0xc1ac18500_0, 0, 32;
    %fork TD_axi_lite_sub_tb.axi_write, S_0x10386f210;
    %join;
    %free S_0x10386f210;
    %alloc S_0x10385ab40;
    %load/vec4 v0xc1ac1abc0_0;
    %store/vec4 v0xc1ac180a0_0, 0, 32;
    %pushi/vec4 0, 0, 32;
    %store/vec4 v0xc1ac18140_0, 0, 32;
    %pushi/vec4 0, 0, 32;
    %store/vec4 v0xc1ac18280_0, 0, 32;
    %fork TD_axi_lite_sub_tb.axi_read, S_0x10385ab40;
    %join;
    %load/vec4 v0xc1ac181e0_0;
    %store/vec4 v0xc1ac1ada0_0, 0, 32;
    %free S_0x10385ab40;
    %alloc S_0x10386ebb0;
    %load/vec4 v0xc1ac1ada0_0;
    %ix/getv 4, v0xc1ac1abc0_0;
    %load/vec4a v0xc1ac1c0a0, 4;
    %cmp/e;
    %flag_get/vec4 6;
    %store/vec4 v0xc1ac18780_0, 0, 1;
    %vpi_func/s 3 236 "$sformatf", "Readback mismatch at addr=%0d", v0xc1ac1abc0_0 {0 0 0};
    %store/str v0xc1ac18820_0;
    %fork TD_axi_lite_sub_tb.check, S_0x10386ebb0;
    %join;
    %free S_0x10386ebb0;
    %end;
S_0xc1b040780 .scope autotask, "write_addr_phase" "write_addr_phase" 3 105, 3 105 0, S_0x103864200;
 .timescale -9 -12;
v0xc1ac1aee0_0 .var "addr", 31 0;
v0xc1ac1af80_0 .var/2s "delay_cycles", 31 0;
v0xc1ac1b020_0 .var/2s "timeout", 31 0;
TD_axi_lite_sub_tb.write_addr_phase ;
    %load/vec4 v0xc1ac1af80_0;
T_10.36 %dup/vec4;
    %pushi/vec4 0, 0, 32;
    %cmp/s;
    %jmp/1xz T_10.37, 5;
    %jmp/1 T_10.37, 4;
    %pushi/vec4 1, 0, 32;
    %sub;
    %wait E_0xc1a843980;
    %jmp T_10.36;
T_10.37 ;
    %pop/vec4 1;
    %load/vec4 v0xc1ac1aee0_0;
    %assign/vec4 v0xc1ac1b7a0_0, 0;
    %pushi/vec4 1, 0, 1;
    %assign/vec4 v0xc1ac1b8e0_0, 0;
    %pushi/vec4 0, 0, 32;
    %store/vec4 v0xc1ac1b020_0, 0, 32;
T_10.38 ;
    %load/vec4 v0xc1ac1b8e0_0;
    %flag_set/vec4 9;
    %flag_get/vec4 9;
    %jmp/0 T_10.40, 9;
    %load/vec4 v0xc1ac1b840_0;
    %and;
T_10.40;
    %nor/r;
    %flag_set/vec4 8;
    %jmp/0xz T_10.39, 8;
    %wait E_0xc1a843980;
    ; show_stmt_assign_vector: Get l-value for compressed += operand
    %load/vec4 v0xc1ac1b020_0;
    %pushi/vec4 1, 0, 32;
    %add;
    %cast2;
    %store/vec4 v0xc1ac1b020_0, 0, 32;
    %load/vec4 v0xc1ac1b020_0;
    %cmpi/s 100, 0, 32;
    %flag_or 5, 4; GT is !LE
    %flag_inv 5;
    %jmp/0xz  T_10.41, 5;
    %vpi_call/w 3 118 "$fatal", 32'sb00000000000000000000000000000001, "AW handshake timeout" {0 0 0};
T_10.41 ;
    %jmp T_10.38;
T_10.39 ;
    %pushi/vec4 0, 0, 1;
    %assign/vec4 v0xc1ac1b8e0_0, 0;
    %end;
S_0xc1b040900 .scope autotask, "write_data_phase" "write_data_phase" 3 124, 3 124 0, S_0x103864200;
 .timescale -9 -12;
v0xc1ac1b0c0_0 .var "data", 31 0;
v0xc1ac1b160_0 .var/2s "delay_cycles", 31 0;
v0xc1ac1b200_0 .var "strb", 3 0;
v0xc1ac1b2a0_0 .var/2s "timeout", 31 0;
TD_axi_lite_sub_tb.write_data_phase ;
    %load/vec4 v0xc1ac1b160_0;
T_11.43 %dup/vec4;
    %pushi/vec4 0, 0, 32;
    %cmp/s;
    %jmp/1xz T_11.44, 5;
    %jmp/1 T_11.44, 4;
    %pushi/vec4 1, 0, 32;
    %sub;
    %wait E_0xc1a843980;
    %jmp T_11.43;
T_11.44 ;
    %pop/vec4 1;
    %load/vec4 v0xc1ac1b0c0_0;
    %assign/vec4 v0xc1ac1bca0_0, 0;
    %load/vec4 v0xc1ac1b200_0;
    %assign/vec4 v0xc1ac1bde0_0, 0;
    %pushi/vec4 1, 0, 1;
    %assign/vec4 v0xc1ac1be80_0, 0;
    %pushi/vec4 0, 0, 32;
    %store/vec4 v0xc1ac1b2a0_0, 0, 32;
T_11.45 ;
    %load/vec4 v0xc1ac1be80_0;
    %flag_set/vec4 9;
    %flag_get/vec4 9;
    %jmp/0 T_11.47, 9;
    %load/vec4 v0xc1ac1bd40_0;
    %and;
T_11.47;
    %nor/r;
    %flag_set/vec4 8;
    %jmp/0xz T_11.46, 8;
    %wait E_0xc1a843980;
    ; show_stmt_assign_vector: Get l-value for compressed += operand
    %load/vec4 v0xc1ac1b2a0_0;
    %pushi/vec4 1, 0, 32;
    %add;
    %cast2;
    %store/vec4 v0xc1ac1b2a0_0, 0, 32;
    %load/vec4 v0xc1ac1b2a0_0;
    %cmpi/s 100, 0, 32;
    %flag_or 5, 4; GT is !LE
    %flag_inv 5;
    %jmp/0xz  T_11.48, 5;
    %vpi_call/w 3 139 "$fatal", 32'sb00000000000000000000000000000001, "W handshake timeout" {0 0 0};
T_11.48 ;
    %jmp T_11.45;
T_11.46 ;
    %pushi/vec4 0, 0, 1;
    %assign/vec4 v0xc1ac1be80_0, 0;
    %end;
S_0xc1b040a80 .scope autotask, "write_response_phase" "write_response_phase" 3 145, 3 145 0, S_0x103864200;
 .timescale -9 -12;
v0xc1ac1b340_0 .var/2s "bready_delay", 31 0;
v0xc1ac1b3e0_0 .var/2s "timeout", 31 0;
TD_axi_lite_sub_tb.write_response_phase ;
    %pushi/vec4 0, 0, 1;
    %assign/vec4 v0xc1ac1b980_0, 0;
    %load/vec4 v0xc1ac1b340_0;
T_12.50 %dup/vec4;
    %pushi/vec4 0, 0, 32;
    %cmp/s;
    %jmp/1xz T_12.51, 5;
    %jmp/1 T_12.51, 4;
    %pushi/vec4 1, 0, 32;
    %sub;
    %wait E_0xc1a843980;
    %jmp T_12.50;
T_12.51 ;
    %pop/vec4 1;
    %pushi/vec4 1, 0, 1;
    %assign/vec4 v0xc1ac1b980_0, 0;
    %pushi/vec4 0, 0, 32;
    %store/vec4 v0xc1ac1b3e0_0, 0, 32;
T_12.52 ;
    %load/vec4 v0xc1ac1ba20_0;
    %nor/r;
    %flag_set/vec4 8;
    %jmp/0xz T_12.53, 8;
    %wait E_0xc1a843980;
    ; show_stmt_assign_vector: Get l-value for compressed += operand
    %load/vec4 v0xc1ac1b3e0_0;
    %pushi/vec4 1, 0, 32;
    %add;
    %cast2;
    %store/vec4 v0xc1ac1b3e0_0, 0, 32;
    %load/vec4 v0xc1ac1b3e0_0;
    %cmpi/s 100, 0, 32;
    %flag_or 5, 4; GT is !LE
    %flag_inv 5;
    %jmp/0xz  T_12.54, 5;
    %vpi_call/w 3 155 "$fatal", 32'sb00000000000000000000000000000001, "BVALID timeout" {0 0 0};
T_12.54 ;
    %jmp T_12.52;
T_12.53 ;
    %wait E_0xc1a843980;
    %pushi/vec4 0, 0, 1;
    %assign/vec4 v0xc1ac1b980_0, 0;
    %end;
    .scope S_0x10386d3b0;
T_13 ;
    %wait E_0x0;
    %pushi/vec4 0, 0, 2;
    %store/vec4 v0xc1ac19040_0, 0, 2;
    %pushi/vec4 0, 0, 2;
    %store/vec4 v0xc1ac192c0_0, 0, 2;
    %jmp T_13;
    .thread T_13;
    .scope S_0x10386d3b0;
T_14 ;
    %wait E_0xc1a8439c0;
    %load/vec4 v0xc1ac18be0_0;
    %nor/r;
    %flag_set/vec4 8;
    %jmp/0xz  T_14.0, 8;
    %pushi/vec4 0, 0, 32;
    %assign/vec4 v0xc1ac19e00_0, 0;
    %pushi/vec4 0, 0, 32;
    %assign/vec4 v0xc1ac19d60_0, 0;
    %jmp T_14.1;
T_14.0 ;
    %load/vec4 v0xc1ac19f40_0;
    %assign/vec4 v0xc1ac19e00_0, 0;
    %load/vec4 v0xc1ac19ea0_0;
    %assign/vec4 v0xc1ac19d60_0, 0;
T_14.1 ;
    %jmp T_14;
    .thread T_14;
    .scope S_0x10386d3b0;
T_15 ;
Ewait_0 .event/or E_0xc1a843a00, E_0x0;
    %wait Ewait_0;
    %load/vec4 v0xc1ac19e00_0;
    %store/vec4 v0xc1ac19f40_0, 0, 32;
    %load/vec4 v0xc1ac19e00_0;
    %dup/vec4;
    %pushi/vec4 0, 0, 32;
    %cmp/u;
    %jmp/1 T_15.0, 6;
    %dup/vec4;
    %pushi/vec4 1, 0, 32;
    %cmp/u;
    %jmp/1 T_15.1, 6;
    %jmp T_15.2;
T_15.0 ;
    %load/vec4 v0xc1ac1a580_0;
    %flag_set/vec4 8;
    %jmp/0xz  T_15.3, 8;
    %pushi/vec4 1, 0, 32;
    %store/vec4 v0xc1ac19f40_0, 0, 32;
T_15.3 ;
    %jmp T_15.2;
T_15.1 ;
    %load/vec4 v0xc1ac190e0_0;
    %load/vec4 v0xc1ac18fa0_0;
    %and;
    %flag_set/vec4 8;
    %jmp/0xz  T_15.5, 8;
    %pushi/vec4 0, 0, 32;
    %store/vec4 v0xc1ac19f40_0, 0, 32;
T_15.5 ;
    %jmp T_15.2;
T_15.2 ;
    %pop/vec4 1;
    %load/vec4 v0xc1ac19d60_0;
    %store/vec4 v0xc1ac19ea0_0, 0, 32;
    %load/vec4 v0xc1ac19d60_0;
    %dup/vec4;
    %pushi/vec4 0, 0, 32;
    %cmp/u;
    %jmp/1 T_15.7, 6;
    %dup/vec4;
    %pushi/vec4 1, 0, 32;
    %cmp/u;
    %jmp/1 T_15.8, 6;
    %jmp T_15.9;
T_15.7 ;
    %load/vec4 v0xc1ac19fe0_0;
    %flag_set/vec4 8;
    %jmp/0xz  T_15.10, 8;
    %pushi/vec4 1, 0, 32;
    %store/vec4 v0xc1ac19ea0_0, 0, 32;
T_15.10 ;
    %jmp T_15.9;
T_15.8 ;
    %load/vec4 v0xc1ac19360_0;
    %flag_set/vec4 9;
    %flag_get/vec4 9;
    %jmp/0 T_15.14, 9;
    %load/vec4 v0xc1ac19220_0;
    %and;
T_15.14;
    %flag_set/vec4 8;
    %jmp/0xz  T_15.12, 8;
    %pushi/vec4 0, 0, 32;
    %store/vec4 v0xc1ac19ea0_0, 0, 32;
T_15.12 ;
    %jmp T_15.9;
T_15.9 ;
    %pop/vec4 1;
    %jmp T_15;
    .thread T_15, $push;
    .scope S_0x10386d3b0;
T_16 ;
    %wait E_0xc1a8439c0;
    %load/vec4 v0xc1ac18be0_0;
    %nor/r;
    %flag_set/vec4 8;
    %jmp/0xz  T_16.0, 8;
    %pushi/vec4 0, 0, 1;
    %assign/vec4 v0xc1ac19cc0_0, 0;
    %pushi/vec4 0, 0, 1;
    %assign/vec4 v0xc1ac1a440_0, 0;
    %pushi/vec4 0, 0, 1;
    %assign/vec4 v0xc1ac19c20_0, 0;
    %jmp T_16.1;
T_16.0 ;
    %load/vec4 v0xc1ac18e60_0;
    %load/vec4 v0xc1ac18f00_0;
    %and;
    %flag_set/vec4 8;
    %jmp/0xz  T_16.2, 8;
    %pushi/vec4 1, 0, 1;
    %assign/vec4 v0xc1ac19cc0_0, 0;
T_16.2 ;
    %load/vec4 v0xc1ac194a0_0;
    %load/vec4 v0xc1ac195e0_0;
    %and;
    %flag_set/vec4 8;
    %jmp/0xz  T_16.4, 8;
    %pushi/vec4 1, 0, 1;
    %assign/vec4 v0xc1ac1a440_0, 0;
T_16.4 ;
    %load/vec4 v0xc1ac18c80_0;
    %load/vec4 v0xc1ac18d20_0;
    %and;
    %flag_set/vec4 8;
    %jmp/0xz  T_16.6, 8;
    %pushi/vec4 1, 0, 1;
    %assign/vec4 v0xc1ac19c20_0, 0;
T_16.6 ;
    %load/vec4 v0xc1ac18fa0_0;
    %load/vec4 v0xc1ac190e0_0;
    %and;
    %flag_set/vec4 8;
    %jmp/0xz  T_16.8, 8;
    %pushi/vec4 0, 0, 1;
    %assign/vec4 v0xc1ac19cc0_0, 0;
    %pushi/vec4 0, 0, 1;
    %assign/vec4 v0xc1ac1a440_0, 0;
T_16.8 ;
    %load/vec4 v0xc1ac19220_0;
    %load/vec4 v0xc1ac19360_0;
    %and;
    %flag_set/vec4 8;
    %jmp/0xz  T_16.10, 8;
    %pushi/vec4 0, 0, 1;
    %assign/vec4 v0xc1ac19c20_0, 0;
T_16.10 ;
T_16.1 ;
    %jmp T_16;
    .thread T_16;
    .scope S_0x10386d3b0;
T_17 ;
    %wait E_0xc1a8439c0;
    %load/vec4 v0xc1ac18be0_0;
    %nor/r;
    %flag_set/vec4 8;
    %jmp/0xz  T_17.0, 8;
    %pushi/vec4 0, 0, 32;
    %assign/vec4 v0xc1ac1a260_0, 0;
    %pushi/vec4 0, 0, 32;
    %assign/vec4 v0xc1ac1a300_0, 0;
    %pushi/vec4 0, 0, 4;
    %assign/vec4 v0xc1ac1a3a0_0, 0;
    %pushi/vec4 0, 0, 32;
    %assign/vec4 v0xc1ac1a1c0_0, 0;
    %jmp T_17.1;
T_17.0 ;
    %load/vec4 v0xc1ac19e00_0;
    %dup/vec4;
    %pushi/vec4 0, 0, 32;
    %cmp/u;
    %jmp/1 T_17.2, 6;
    %jmp T_17.4;
T_17.2 ;
    %load/vec4 v0xc1ac18f00_0;
    %flag_set/vec4 9;
    %flag_get/vec4 9;
    %jmp/0 T_17.7, 9;
    %load/vec4 v0xc1ac18e60_0;
    %and;
T_17.7;
    %flag_set/vec4 8;
    %jmp/0xz  T_17.5, 8;
    %load/vec4 v0xc1ac18dc0_0;
    %assign/vec4 v0xc1ac1a260_0, 0;
T_17.5 ;
    %load/vec4 v0xc1ac195e0_0;
    %flag_set/vec4 9;
    %flag_get/vec4 9;
    %jmp/0 T_17.10, 9;
    %load/vec4 v0xc1ac194a0_0;
    %and;
T_17.10;
    %flag_set/vec4 8;
    %jmp/0xz  T_17.8, 8;
    %load/vec4 v0xc1ac19400_0;
    %assign/vec4 v0xc1ac1a300_0, 0;
    %load/vec4 v0xc1ac19540_0;
    %assign/vec4 v0xc1ac1a3a0_0, 0;
T_17.8 ;
    %jmp T_17.4;
T_17.4 ;
    %pop/vec4 1;
    %load/vec4 v0xc1ac19d60_0;
    %dup/vec4;
    %pushi/vec4 0, 0, 32;
    %cmp/u;
    %jmp/1 T_17.11, 6;
    %jmp T_17.12;
T_17.11 ;
    %load/vec4 v0xc1ac18d20_0;
    %flag_set/vec4 9;
    %flag_get/vec4 9;
    %jmp/0 T_17.15, 9;
    %load/vec4 v0xc1ac18c80_0;
    %and;
T_17.15;
    %flag_set/vec4 8;
    %jmp/0xz  T_17.13, 8;
    %load/vec4 v0xc1ac18b40_0;
    %assign/vec4 v0xc1ac1a1c0_0, 0;
T_17.13 ;
    %jmp T_17.12;
T_17.12 ;
    %pop/vec4 1;
T_17.1 ;
    %jmp T_17;
    .thread T_17;
    .scope S_0x10386d3b0;
T_18 ;
    %wait E_0xc1a8439c0;
    %load/vec4 v0xc1ac18be0_0;
    %nor/r;
    %flag_set/vec4 8;
    %jmp/0xz  T_18.0, 8;
    %fork t_4, S_0x10386f8b0;
    %jmp t_3;
    .scope S_0x10386f8b0;
t_4 ;
    %pushi/vec4 0, 0, 32;
    %store/vec4 v0xc1ac188c0_0, 0, 32;
T_18.2 ;
    %load/vec4 v0xc1ac188c0_0;
    %cmpi/s 64, 0, 32;
    %jmp/0xz T_18.3, 5;
    %pushi/vec4 0, 0, 32;
    %ix/getv/s 4, v0xc1ac188c0_0;
    %store/vec4a v0xc1ac1a080, 4, 0;
    %load/vec4 v0xc1ac188c0_0;
    %addi 1, 0, 32;
    %cast2;
    %store/vec4 v0xc1ac188c0_0, 0, 32;
    %jmp T_18.2;
T_18.3 ;
    %end;
    .scope S_0x10386d3b0;
t_3 %join;
    %pushi/vec4 0, 0, 1;
    %assign/vec4 v0xc1ac190e0_0, 0;
    %pushi/vec4 0, 0, 32;
    %assign/vec4 v0xc1ac19180_0, 0;
    %pushi/vec4 0, 0, 1;
    %assign/vec4 v0xc1ac19360_0, 0;
    %jmp T_18.1;
T_18.0 ;
    %load/vec4 v0xc1ac1a580_0;
    %flag_set/vec4 8;
    %jmp/0xz  T_18.4, 8;
    %fork t_6, S_0x10386fa30;
    %jmp t_5;
    .scope S_0x10386fa30;
t_6 ;
    %load/vec4 v0xc1ac1a4e0_0;
    %pad/u 8;
    %ix/vec4 4;
    %load/vec4a v0xc1ac1a080, 4;
    %store/vec4 v0xc1ac18a00_0, 0, 32;
    %fork t_8, S_0x10386fbb0;
    %jmp t_7;
    .scope S_0x10386fbb0;
t_8 ;
    %pushi/vec4 0, 0, 32;
    %store/vec4 v0xc1ac18960_0, 0, 32;
T_18.6 ;
    %load/vec4 v0xc1ac18960_0;
    %cmpi/s 4, 0, 32;
    %jmp/0xz T_18.7, 5;
    %load/vec4 v0xc1ac1a3a0_0;
    %load/vec4 v0xc1ac18960_0;
    %part/s 1;
    %flag_set/vec4 8;
    %jmp/0xz  T_18.8, 8;
    %load/vec4 v0xc1ac1a300_0;
    %load/vec4 v0xc1ac18960_0;
    %muli 8, 0, 32;
    %part/s 8;
    %load/vec4 v0xc1ac18960_0;
    %muli 8, 0, 32;
    %ix/vec4/s 4;
    %store/vec4 v0xc1ac18a00_0, 4, 8;
T_18.8 ;
    %load/vec4 v0xc1ac18960_0;
    %addi 1, 0, 32;
    %cast2;
    %store/vec4 v0xc1ac18960_0, 0, 32;
    %jmp T_18.6;
T_18.7 ;
    %end;
    .scope S_0x10386fa30;
t_7 %join;
    %load/vec4 v0xc1ac18a00_0;
    %load/vec4 v0xc1ac1a4e0_0;
    %pad/u 8;
    %ix/vec4 3;
    %ix/load 4, 0, 0; Constant delay
    %assign/vec4/a/d v0xc1ac1a080, 0, 4;
    %pushi/vec4 1, 0, 1;
    %assign/vec4 v0xc1ac190e0_0, 0;
    %end;
    .scope S_0x10386d3b0;
t_5 %join;
T_18.4 ;
    %load/vec4 v0xc1ac190e0_0;
    %flag_set/vec4 9;
    %flag_get/vec4 9;
    %jmp/0 T_18.12, 9;
    %load/vec4 v0xc1ac18fa0_0;
    %and;
T_18.12;
    %flag_set/vec4 8;
    %jmp/0xz  T_18.10, 8;
    %pushi/vec4 0, 0, 1;
    %assign/vec4 v0xc1ac190e0_0, 0;
T_18.10 ;
    %load/vec4 v0xc1ac19fe0_0;
    %flag_set/vec4 8;
    %jmp/0xz  T_18.13, 8;
    %load/vec4 v0xc1ac1a120_0;
    %pad/u 8;
    %ix/vec4 4;
    %load/vec4a v0xc1ac1a080, 4;
    %assign/vec4 v0xc1ac19180_0, 0;
    %pushi/vec4 1, 0, 1;
    %assign/vec4 v0xc1ac19360_0, 0;
T_18.13 ;
    %load/vec4 v0xc1ac19360_0;
    %flag_set/vec4 9;
    %flag_get/vec4 9;
    %jmp/0 T_18.17, 9;
    %load/vec4 v0xc1ac19220_0;
    %and;
T_18.17;
    %flag_set/vec4 8;
    %jmp/0xz  T_18.15, 8;
    %pushi/vec4 0, 0, 1;
    %assign/vec4 v0xc1ac19360_0, 0;
T_18.15 ;
T_18.1 ;
    %jmp T_18;
    .thread T_18;
    .scope S_0x103864200;
T_19 ;
    %delay 5000, 0;
    %load/vec4 v0xc1ac1b480_0;
    %inv;
    %store/vec4 v0xc1ac1b480_0, 0, 1;
    %jmp T_19;
    .thread T_19;
    .scope S_0x103864200;
T_20 ;
    %fork t_10, S_0x10385a9c0;
    %jmp t_9;
    .scope S_0x10385a9c0;
t_10 ;
    %vpi_call/w 3 309 "$dumpfile", "tb/axi_lite_sub_tb.vcd" {0 0 0};
    %vpi_call/w 3 310 "$dumpvars", 32'sb00000000000000000000000000000000, S_0x103864200 {0 0 0};
    %pushi/vec4 0, 0, 1;
    %store/vec4 v0xc1ac1b480_0, 0, 1;
    %pushi/vec4 0, 0, 32;
    %store/vec4 v0xc1ac1c000_0, 0, 32;
    %pushi/vec4 0, 0, 32;
    %store/vec4 v0xc1ac1bf20_0, 0, 32;
    %alloc S_0x10386d230;
    %fork TD_axi_lite_sub_tb.do_reset, S_0x10386d230;
    %join;
    %free S_0x10386d230;
    %alloc S_0x10386ebb0;
    %load/vec4 v0xc1ac1ba20_0;
    %pushi/vec4 0, 0, 1;
    %cmp/e;
    %flag_get/vec4 6;
    %store/vec4 v0xc1ac18780_0, 0, 1;
    %pushi/str "BVALID should be low after reset";
    %store/str v0xc1ac18820_0;
    %fork TD_axi_lite_sub_tb.check, S_0x10386ebb0;
    %join;
    %free S_0x10386ebb0;
    %alloc S_0x10386ebb0;
    %load/vec4 v0xc1ac1bc00_0;
    %pushi/vec4 0, 0, 1;
    %cmp/e;
    %flag_get/vec4 6;
    %store/vec4 v0xc1ac18780_0, 0, 1;
    %pushi/str "RVALID should be low after reset";
    %store/str v0xc1ac18820_0;
    %fork TD_axi_lite_sub_tb.check, S_0x10386ebb0;
    %join;
    %free S_0x10386ebb0;
    %alloc S_0x10386ebb0;
    %load/vec4 v0xc1ac1b840_0;
    %pushi/vec4 1, 0, 1;
    %cmp/e;
    %flag_get/vec4 6;
    %store/vec4 v0xc1ac18780_0, 0, 1;
    %pushi/str "AWREADY should be high after reset";
    %store/str v0xc1ac18820_0;
    %fork TD_axi_lite_sub_tb.check, S_0x10386ebb0;
    %join;
    %free S_0x10386ebb0;
    %alloc S_0x10386ebb0;
    %load/vec4 v0xc1ac1bd40_0;
    %pushi/vec4 1, 0, 1;
    %cmp/e;
    %flag_get/vec4 6;
    %store/vec4 v0xc1ac18780_0, 0, 1;
    %pushi/str "WREADY should be high after reset";
    %store/str v0xc1ac18820_0;
    %fork TD_axi_lite_sub_tb.check, S_0x10386ebb0;
    %join;
    %free S_0x10386ebb0;
    %alloc S_0x10386ebb0;
    %load/vec4 v0xc1ac1b660_0;
    %pushi/vec4 1, 0, 1;
    %cmp/e;
    %flag_get/vec4 6;
    %store/vec4 v0xc1ac18780_0, 0, 1;
    %pushi/str "ARREADY should be high after reset";
    %store/str v0xc1ac18820_0;
    %fork TD_axi_lite_sub_tb.check, S_0x10386ebb0;
    %join;
    %free S_0x10386ebb0;
    %alloc S_0xc1b040600;
    %pushi/vec4 3, 0, 32;
    %store/vec4 v0xc1ac1abc0_0, 0, 32;
    %pushi/vec4 2779054083, 0, 32;
    %store/vec4 v0xc1ac1ad00_0, 0, 32;
    %pushi/vec4 0, 0, 32;
    %store/vec4 v0xc1ac1ac60_0, 0, 32;
    %pushi/vec4 0, 0, 32;
    %store/vec4 v0xc1ac1ae40_0, 0, 32;
    %fork TD_axi_lite_sub_tb.test_write_and_read, S_0xc1b040600;
    %join;
    %free S_0xc1b040600;
    %alloc S_0xc1b040600;
    %pushi/vec4 7, 0, 32;
    %store/vec4 v0xc1ac1abc0_0, 0, 32;
    %pushi/vec4 2779054087, 0, 32;
    %store/vec4 v0xc1ac1ad00_0, 0, 32;
    %pushi/vec4 0, 0, 32;
    %store/vec4 v0xc1ac1ac60_0, 0, 32;
    %pushi/vec4 3, 0, 32;
    %store/vec4 v0xc1ac1ae40_0, 0, 32;
    %fork TD_axi_lite_sub_tb.test_write_and_read, S_0xc1b040600;
    %join;
    %free S_0xc1b040600;
    %alloc S_0xc1b040600;
    %pushi/vec4 9, 0, 32;
    %store/vec4 v0xc1ac1abc0_0, 0, 32;
    %pushi/vec4 2779054089, 0, 32;
    %store/vec4 v0xc1ac1ad00_0, 0, 32;
    %pushi/vec4 3, 0, 32;
    %store/vec4 v0xc1ac1ac60_0, 0, 32;
    %pushi/vec4 0, 0, 32;
    %store/vec4 v0xc1ac1ae40_0, 0, 32;
    %fork TD_axi_lite_sub_tb.test_write_and_read, S_0xc1b040600;
    %join;
    %free S_0xc1b040600;
    %alloc S_0x10385ab40;
    %pushi/vec4 3, 0, 32;
    %store/vec4 v0xc1ac180a0_0, 0, 32;
    %pushi/vec4 2, 0, 32;
    %store/vec4 v0xc1ac18140_0, 0, 32;
    %pushi/vec4 2, 0, 32;
    %store/vec4 v0xc1ac18280_0, 0, 32;
    %fork TD_axi_lite_sub_tb.axi_read, S_0x10385ab40;
    %join;
    %load/vec4 v0xc1ac181e0_0;
    %store/vec4 v0xc1ac18000_0, 0, 32;
    %free S_0x10385ab40;
    %alloc S_0x10386ebb0;
    %load/vec4 v0xc1ac18000_0;
    %ix/load 4, 3, 0;
    %flag_set/imm 4, 0;
    %load/vec4a v0xc1ac1c0a0, 4;
    %cmp/e;
    %flag_get/vec4 6;
    %store/vec4 v0xc1ac18780_0, 0, 1;
    %pushi/str "Delayed read mismatch";
    %store/str v0xc1ac18820_0;
    %fork TD_axi_lite_sub_tb.check, S_0x10386ebb0;
    %join;
    %free S_0x10386ebb0;
    %alloc S_0xc1b040300;
    %fork TD_axi_lite_sub_tb.test_b_backpressure, S_0xc1b040300;
    %join;
    %free S_0xc1b040300;
    %alloc S_0xc1b040480;
    %fork TD_axi_lite_sub_tb.test_r_backpressure, S_0xc1b040480;
    %join;
    %free S_0xc1b040480;
    %load/vec4 v0xc1ac1bf20_0;
    %cmpi/e 0, 0, 32;
    %jmp/0xz  T_20.0, 4;
    %vpi_call/w 3 334 "$display", "PASS: %0d checks passed", v0xc1ac1c000_0 {0 0 0};
    %jmp T_20.1;
T_20.0 ;
    %vpi_call/w 3 336 "$fatal", 32'sb00000000000000000000000000000001, "FAIL: %0d/%0d checks failed", v0xc1ac1bf20_0, v0xc1ac1c000_0 {0 0 0};
T_20.1 ;
    %pushi/vec4 2, 0, 32;
T_20.2 %dup/vec4;
    %pushi/vec4 0, 0, 32;
    %cmp/s;
    %jmp/1xz T_20.3, 5;
    %jmp/1 T_20.3, 4;
    %pushi/vec4 1, 0, 32;
    %sub;
    %wait E_0xc1a843980;
    %jmp T_20.2;
T_20.3 ;
    %pop/vec4 1;
    %vpi_call/w 3 340 "$finish" {0 0 0};
    %end;
    .scope S_0x103864200;
t_9 %join;
    %end;
    .thread T_20;
# The file index is used to find the file name in the following table.
:file_names 5;
    "N/A";
    "<interactive>";
    "-";
    "tb/axi_lite_sub_tb.sv";
    "src/legacy/axi_lite_sub.sv";
